<?xml version="1.0" encoding="UTF-8"?>
<!-- Generated by org.testng.reporters.JUnitReportReporter -->
<testsuite skipped="0" hostname="DESKTOP-0OHGDCN" name="loginTest" tests="1" failures="0" timestamp="29 Jan 2023 15:02:28 GMT" time="0.866" errors="0">
  <testcase name="logintest" time="0.866" classname="loginTest"/>
</testsuite> <!-- loginTest -->
